#
# There is insufficient memory for the Java Runtime Environment to continue.
# Native memory allocation (malloc) failed to allocate 75728 bytes. Error detail: Chunk::new
# Possible reasons:
#   The system is out of physical RAM or swap space
#   This process is running with CompressedOops enabled, and the Java Heap may be blocking the growth of the native heap
# Possible solutions:
#   Reduce memory load on the system
#   Increase physical memory or swap space
#   Check if swap backing store is full
#   Decrease Java heap size (-Xmx/-Xms)
#   Decrease number of Java threads
#   Decrease Java thread stack sizes (-Xss)
#   Set larger code cache with -XX:ReservedCodeCacheSize=
#   JVM is running with Zero Based Compressed Oops mode in which the Java heap is
#     placed in the first 32GB address space. The Java Heap base address is the
#     maximum limit for the native heap growth. Please use -XX:HeapBaseMinAddress
#     to set the Java Heap base and to place the Java Heap above 32GB virtual address.
# This output file may be truncated or incomplete.
#
#  Out of Memory Error (arena.cpp:162), pid=13252, tid=15536
#
# JRE version: Java(TM) SE Runtime Environment (24.0.1+9) (build 24.0.1+9-30)
# Java VM: Java HotSpot(TM) 64-Bit Server VM (24.0.1+9-30, mixed mode, sharing, tiered, compressed oops, compressed class ptrs, g1 gc, windows-amd64)
# No core dump will be written. Minidumps are not enabled by default on client versions of Windows
#

---------------  S U M M A R Y ------------

Command Line: --module-path=C:\openjfx-24.0.1_windows-x64_bin-sdk\javafx-sdk-24.0.1\lib --add-modules=javafx.controls,javafx.fxml -javaagent:D:\intellji\IntelliJ IDEA 2025.1\lib\idea_rt.jar=57100 -Dfile.encoding=UTF-8 -Dsun.stdout.encoding=UTF-8 -Dsun.stderr.encoding=UTF-8 Model.Admin

Host: Intel(R) Core(TM) i5-8350U CPU @ 1.70GHz, 8 cores, 15G,  Windows 11 , 64 bit Build 22621 (10.0.22621.5262)
Time: Sat May  3 15:34:02 2025 Pakistan Standard Time elapsed time: 0.192109 seconds (0d 0h 0m 0s)

---------------  T H R E A D  ---------------

Current thread (0x000001e152a2b300):  JavaThread "C2 CompilerThread1" daemon [_thread_in_native, id=15536, stack(0x0000007e50b00000,0x0000007e50c00000) (1024K)]


Current CompileTask:
C2:192  282       4       jdk.internal.misc.Unsafe::getIntUnaligned (12 bytes)

Stack: [0x0000007e50b00000,0x0000007e50c00000]
Native frames: (J=compiled Java code, j=interpreted, Vv=VM code, C=native code)
V  [jvm.dll+0x730739]  (no source info available)
V  [jvm.dll+0x8d9b23]  (no source info available)
V  [jvm.dll+0x8dc00d]  (no source info available)
V  [jvm.dll+0x8dc683]  (no source info available)
V  [jvm.dll+0x2aa086]  (no source info available)
V  [jvm.dll+0xcedef]  (no source info available)
V  [jvm.dll+0xcf04f]  (no source info available)
V  [jvm.dll+0x154d83]  (no source info available)
V  [jvm.dll+0x735f5f]  (no source info available)
V  [jvm.dll+0x26fa1c]  (no source info available)
V  [jvm.dll+0x26ea3f]  (no source info available)
V  [jvm.dll+0x1e9d60]  (no source info available)
V  [jvm.dll+0x27e1fb]  (no source info available)
V  [jvm.dll+0x27c49a]  (no source info available)
V  [jvm.dll+0x42f456]  (no source info available)
V  [jvm.dll+0x87d76b]  (no source info available)
V  [jvm.dll+0x72ee55]  (no source info available)
C  [ucrtbase.dll+0x29333]  (no source info available)
C  [KERNEL32.DLL+0x1259d]  (no source info available)
C  [ntdll.dll+0x5af58]  (no source info available)

Lock stack of current Java thread (top to bottom):


---------------  P R O C E S S  ---------------

Threads class SMR info:
_java_thread_list=0x000001e152afac70, length=12, elements={
0x000001e130f90b90, 0x000001e152955b10, 0x000001e152957460, 0x000001e152959940,
0x000001e15295c580, 0x000001e1529618d0, 0x000001e152962530, 0x000001e15296be60,
0x000001e152969880, 0x000001e152a205e0, 0x000001e152a2b300, 0x000001e152a81e60
}

Java Threads: ( => current thread )
  0x000001e130f90b90 JavaThread "main"                              [_thread_in_vm, id=7128, stack(0x0000007e4fa00000,0x0000007e4fb00000) (1024K)]
  0x000001e152955b10 JavaThread "Reference Handler"          daemon [_thread_blocked, id=7500, stack(0x0000007e50200000,0x0000007e50300000) (1024K)]
  0x000001e152957460 JavaThread "Finalizer"                  daemon [_thread_blocked, id=1944, stack(0x0000007e50300000,0x0000007e50400000) (1024K)]
  0x000001e152959940 JavaThread "Signal Dispatcher"          daemon [_thread_blocked, id=11920, stack(0x0000007e50400000,0x0000007e50500000) (1024K)]
  0x000001e15295c580 JavaThread "Attach Listener"            daemon [_thread_blocked, id=5544, stack(0x0000007e50500000,0x0000007e50600000) (1024K)]
  0x000001e1529618d0 JavaThread "Service Thread"             daemon [_thread_blocked, id=17516, stack(0x0000007e50600000,0x0000007e50700000) (1024K)]
  0x000001e152962530 JavaThread "Monitor Deflation Thread"   daemon [_thread_blocked, id=11004, stack(0x0000007e50700000,0x0000007e50800000) (1024K)]
  0x000001e15296be60 JavaThread "C2 CompilerThread0"         daemon [_thread_in_native, id=11104, stack(0x0000007e50800000,0x0000007e50900000) (1024K)]
  0x000001e152969880 JavaThread "C1 CompilerThread0"         daemon [_thread_blocked, id=18292, stack(0x0000007e50900000,0x0000007e50a00000) (1024K)]
  0x000001e152a205e0 JavaThread "Common-Cleaner"             daemon [_thread_blocked, id=6568, stack(0x0000007e50a00000,0x0000007e50b00000) (1024K)]
=>0x000001e152a2b300 JavaThread "C2 CompilerThread1"         daemon [_thread_in_native, id=15536, stack(0x0000007e50b00000,0x0000007e50c00000) (1024K)]
  0x000001e152a81e60 JavaThread "C2 CompilerThread2"         daemon [_thread_in_native, id=17820, stack(0x0000007e50c00000,0x0000007e50d00000) (1024K)]
Total: 12

Other Threads:
  0x000001e1529452e0 VMThread "VM Thread"                           [id=14044, stack(0x0000007e50100000,0x0000007e50200000) (1024K)]
  0x000001e152937960 WatcherThread "VM Periodic Task Thread"        [id=14184, stack(0x0000007e50000000,0x0000007e50100000) (1024K)]
  0x000001e1333332e0 WorkerThread "GC Thread#0"                     [id=7504, stack(0x0000007e4fb00000,0x0000007e4fc00000) (1024K)]
  0x000001e133347b50 ConcurrentGCThread "G1 Main Marker"            [id=14076, stack(0x0000007e4fc00000,0x0000007e4fd00000) (1024K)]
  0x000001e1333486c0 WorkerThread "G1 Conc#0"                       [id=4356, stack(0x0000007e4fd00000,0x0000007e4fe00000) (1024K)]
  0x000001e1527f75a0 ConcurrentGCThread "G1 Refine#0"               [id=18284, stack(0x0000007e4fe00000,0x0000007e4ff00000) (1024K)]
  0x000001e1527f8030 ConcurrentGCThread "G1 Service"                [id=7944, stack(0x0000007e4ff00000,0x0000007e50000000) (1024K)]
Total: 7

Threads with active compile tasks:
C2 CompilerThread0  290  274       4       java.lang.StringLatin1::replace (197 bytes)
C2 CompilerThread1  290  282       4       jdk.internal.misc.Unsafe::getIntUnaligned (12 bytes)
C2 CompilerThread2  290  317 %     4       java.lang.StringCoding::countPositives @ 7 (33 bytes)
Total: 3

VM state: not at safepoint (normal execution)

VM Mutex/Monitor currently owned by a thread: None

Heap address: 0x0000000702600000, size: 4058 MB, Compressed Oops mode: Zero based, Oop shift amount: 3

CDS archive(s) mapped at: [0x000001e153000000-0x000001e153d40000-0x000001e153d40000), size 13893632, SharedBaseAddress: 0x000001e153000000, ArchiveRelocationMode: 1.
Compressed class space mapped at: 0x000001e154000000-0x000001e194000000, reserved size: 1073741824
UseCompressedClassPointers 1, UseCompactObjectHeaders 0
Narrow klass pointer bits 32, Max shift 3
Narrow klass base: 0x000001e153000000, Narrow klass shift: 0
Encoding Range: [0x000001e153000000 - 0x000001e253000000), (4294967296 bytes)
Klass Range:    [0x000001e153000000 - 0x000001e194000000), (1090519040 bytes)
Klass ID Range:  [8 - 1090519033) (1090519025)

GC Precious Log:
 CardTable entry size: 512
 Card Set container configuration: InlinePtr #cards 4 size 8 Array Of Cards #cards 16 size 48 Howl #buckets 8 coarsen threshold 3686 Howl Bitmap #cards 512 size 80 coarsen threshold 460 Card regions per heap region 1 cards per card region 4096
 CPUs: 8 total, 8 available
 Memory: 16227M
 Large Page Support: Disabled
 NUMA Support: Disabled
 Compressed Oops: Enabled (Zero based)
 Heap Region Size: 2M
 Heap Min Capacity: 8M
 Heap Initial Capacity: 254M
 Heap Max Capacity: 4058M
 Pre-touch: Disabled
 Parallel Workers: 8
 Concurrent Workers: 2
 Concurrent Refinement Workers: 8
 Periodic GC: Disabled

Heap:
 garbage-first heap   total reserved 4155392K, committed 262144K, used 7284K [0x0000000702600000, 0x0000000800000000)
  region size 2048K, 5 young (10240K), 0 survivors (0K)
 Metaspace       used 509K, committed 704K, reserved 1114112K
  class space    used 23K, committed 128K, reserved 1048576K

Heap Regions: E=young(eden), S=young(survivor), O=old, HS=humongous(starts), HC=humongous(continues), CS=collection set, F=free, TAMS=top-at-mark-start, PB=parsable bottom
|   0|0x0000000702600000, 0x0000000702600000, 0x0000000702800000|  0%| F|  |TAMS 0x0000000702600000| PB 0x0000000702600000| Untracked |  0
|   1|0x0000000702800000, 0x0000000702800000, 0x0000000702a00000|  0%| F|  |TAMS 0x0000000702800000| PB 0x0000000702800000| Untracked |  0
|   2|0x0000000702a00000, 0x0000000702a00000, 0x0000000702c00000|  0%| F|  |TAMS 0x0000000702a00000| PB 0x0000000702a00000| Untracked |  0
|   3|0x0000000702c00000, 0x0000000702c00000, 0x0000000702e00000|  0%| F|  |TAMS 0x0000000702c00000| PB 0x0000000702c00000| Untracked |  0
|   4|0x0000000702e00000, 0x0000000702e00000, 0x0000000703000000|  0%| F|  |TAMS 0x0000000702e00000| PB 0x0000000702e00000| Untracked |  0
|   5|0x0000000703000000, 0x0000000703000000, 0x0000000703200000|  0%| F|  |TAMS 0x0000000703000000| PB 0x0000000703000000| Untracked |  0
|   6|0x0000000703200000, 0x0000000703200000, 0x0000000703400000|  0%| F|  |TAMS 0x0000000703200000| PB 0x0000000703200000| Untracked |  0
|   7|0x0000000703400000, 0x0000000703400000, 0x0000000703600000|  0%| F|  |TAMS 0x0000000703400000| PB 0x0000000703400000| Untracked |  0
|   8|0x0000000703600000, 0x0000000703600000, 0x0000000703800000|  0%| F|  |TAMS 0x0000000703600000| PB 0x0000000703600000| Untracked |  0
|   9|0x0000000703800000, 0x0000000703800000, 0x0000000703a00000|  0%| F|  |TAMS 0x0000000703800000| PB 0x0000000703800000| Untracked |  0
|  10|0x0000000703a00000, 0x0000000703a00000, 0x0000000703c00000|  0%| F|  |TAMS 0x0000000703a00000| PB 0x0000000703a00000| Untracked |  0
|  11|0x0000000703c00000, 0x0000000703c00000, 0x0000000703e00000|  0%| F|  |TAMS 0x0000000703c00000| PB 0x0000000703c00000| Untracked |  0
|  12|0x0000000703e00000, 0x0000000703e00000, 0x0000000704000000|  0%| F|  |TAMS 0x0000000703e00000| PB 0x0000000703e00000| Untracked |  0
|  13|0x0000000704000000, 0x0000000704000000, 0x0000000704200000|  0%| F|  |TAMS 0x0000000704000000| PB 0x0000000704000000| Untracked |  0
|  14|0x0000000704200000, 0x0000000704200000, 0x0000000704400000|  0%| F|  |TAMS 0x0000000704200000| PB 0x0000000704200000| Untracked |  0
|  15|0x0000000704400000, 0x0000000704400000, 0x0000000704600000|  0%| F|  |TAMS 0x0000000704400000| PB 0x0000000704400000| Untracked |  0
|  16|0x0000000704600000, 0x0000000704600000, 0x0000000704800000|  0%| F|  |TAMS 0x0000000704600000| PB 0x0000000704600000| Untracked |  0
|  17|0x0000000704800000, 0x0000000704800000, 0x0000000704a00000|  0%| F|  |TAMS 0x0000000704800000| PB 0x0000000704800000| Untracked |  0
|  18|0x0000000704a00000, 0x0000000704a00000, 0x0000000704c00000|  0%| F|  |TAMS 0x0000000704a00000| PB 0x0000000704a00000| Untracked |  0
|  19|0x0000000704c00000, 0x0000000704c00000, 0x0000000704e00000|  0%| F|  |TAMS 0x0000000704c00000| PB 0x0000000704c00000| Untracked |  0
|  20|0x0000000704e00000, 0x0000000704e00000, 0x0000000705000000|  0%| F|  |TAMS 0x0000000704e00000| PB 0x0000000704e00000| Untracked |  0
|  21|0x0000000705000000, 0x0000000705000000, 0x0000000705200000|  0%| F|  |TAMS 0x0000000705000000| PB 0x0000000705000000| Untracked |  0
|  22|0x0000000705200000, 0x0000000705200000, 0x0000000705400000|  0%| F|  |TAMS 0x0000000705200000| PB 0x0000000705200000| Untracked |  0
|  23|0x0000000705400000, 0x0000000705400000, 0x0000000705600000|  0%| F|  |TAMS 0x0000000705400000| PB 0x0000000705400000| Untracked |  0
|  24|0x0000000705600000, 0x0000000705600000, 0x0000000705800000|  0%| F|  |TAMS 0x0000000705600000| PB 0x0000000705600000| Untracked |  0
|  25|0x0000000705800000, 0x0000000705800000, 0x0000000705a00000|  0%| F|  |TAMS 0x0000000705800000| PB 0x0000000705800000| Untracked |  0
|  26|0x0000000705a00000, 0x0000000705a00000, 0x0000000705c00000|  0%| F|  |TAMS 0x0000000705a00000| PB 0x0000000705a00000| Untracked |  0
|  27|0x0000000705c00000, 0x0000000705c00000, 0x0000000705e00000|  0%| F|  |TAMS 0x0000000705c00000| PB 0x0000000705c00000| Untracked |  0
|  28|0x0000000705e00000, 0x0000000705e00000, 0x0000000706000000|  0%| F|  |TAMS 0x0000000705e00000| PB 0x0000000705e00000| Untracked |  0
|  29|0x0000000706000000, 0x0000000706000000, 0x0000000706200000|  0%| F|  |TAMS 0x0000000706000000| PB 0x0000000706000000| Untracked |  0
|  30|0x0000000706200000, 0x0000000706200000, 0x0000000706400000|  0%| F|  |TAMS 0x0000000706200000| PB 0x0000000706200000| Untracked |  0
|  31|0x0000000706400000, 0x0000000706400000, 0x0000000706600000|  0%| F|  |TAMS 0x0000000706400000| PB 0x0000000706400000| Untracked |  0
|  32|0x0000000706600000, 0x0000000706600000, 0x0000000706800000|  0%| F|  |TAMS 0x0000000706600000| PB 0x0000000706600000| Untracked |  0
|  33|0x0000000706800000, 0x0000000706800000, 0x0000000706a00000|  0%| F|  |TAMS 0x0000000706800000| PB 0x0000000706800000| Untracked |  0
|  34|0x0000000706a00000, 0x0000000706a00000, 0x0000000706c00000|  0%| F|  |TAMS 0x0000000706a00000| PB 0x0000000706a00000| Untracked |  0
|  35|0x0000000706c00000, 0x0000000706c00000, 0x0000000706e00000|  0%| F|  |TAMS 0x0000000706c00000| PB 0x0000000706c00000| Untracked |  0
|  36|0x0000000706e00000, 0x0000000706e00000, 0x0000000707000000|  0%| F|  |TAMS 0x0000000706e00000| PB 0x0000000706e00000| Untracked |  0
|  37|0x0000000707000000, 0x0000000707000000, 0x0000000707200000|  0%| F|  |TAMS 0x0000000707000000| PB 0x0000000707000000| Untracked |  0
|  38|0x0000000707200000, 0x0000000707200000, 0x0000000707400000|  0%| F|  |TAMS 0x0000000707200000| PB 0x0000000707200000| Untracked |  0
|  39|0x0000000707400000, 0x0000000707400000, 0x0000000707600000|  0%| F|  |TAMS 0x0000000707400000| PB 0x0000000707400000| Untracked |  0
|  40|0x0000000707600000, 0x0000000707600000, 0x0000000707800000|  0%| F|  |TAMS 0x0000000707600000| PB 0x0000000707600000| Untracked |  0
|  41|0x0000000707800000, 0x0000000707800000, 0x0000000707a00000|  0%| F|  |TAMS 0x0000000707800000| PB 0x0000000707800000| Untracked |  0
|  42|0x0000000707a00000, 0x0000000707a00000, 0x0000000707c00000|  0%| F|  |TAMS 0x0000000707a00000| PB 0x0000000707a00000| Untracked |  0
|  43|0x0000000707c00000, 0x0000000707c00000, 0x0000000707e00000|  0%| F|  |TAMS 0x0000000707c00000| PB 0x0000000707c00000| Untracked |  0
|  44|0x0000000707e00000, 0x0000000707e00000, 0x0000000708000000|  0%| F|  |TAMS 0x0000000707e00000| PB 0x0000000707e00000| Untracked |  0
|  45|0x0000000708000000, 0x0000000708000000, 0x0000000708200000|  0%| F|  |TAMS 0x0000000708000000| PB 0x0000000708000000| Untracked |  0
|  46|0x0000000708200000, 0x0000000708200000, 0x0000000708400000|  0%| F|  |TAMS 0x0000000708200000| PB 0x0000000708200000| Untracked |  0
|  47|0x0000000708400000, 0x0000000708400000, 0x0000000708600000|  0%| F|  |TAMS 0x0000000708400000| PB 0x0000000708400000| Untracked |  0
|  48|0x0000000708600000, 0x0000000708600000, 0x0000000708800000|  0%| F|  |TAMS 0x0000000708600000| PB 0x0000000708600000| Untracked |  0
|  49|0x0000000708800000, 0x0000000708800000, 0x0000000708a00000|  0%| F|  |TAMS 0x0000000708800000| PB 0x0000000708800000| Untracked |  0
|  50|0x0000000708a00000, 0x0000000708a00000, 0x0000000708c00000|  0%| F|  |TAMS 0x0000000708a00000| PB 0x0000000708a00000| Untracked |  0
|  51|0x0000000708c00000, 0x0000000708c00000, 0x0000000708e00000|  0%| F|  |TAMS 0x0000000708c00000| PB 0x0000000708c00000| Untracked |  0
|  52|0x0000000708e00000, 0x0000000708e00000, 0x0000000709000000|  0%| F|  |TAMS 0x0000000708e00000| PB 0x0000000708e00000| Untracked |  0
|  53|0x0000000709000000, 0x0000000709000000, 0x0000000709200000|  0%| F|  |TAMS 0x0000000709000000| PB 0x0000000709000000| Untracked |  0
|  54|0x0000000709200000, 0x0000000709200000, 0x0000000709400000|  0%| F|  |TAMS 0x0000000709200000| PB 0x0000000709200000| Untracked |  0
|  55|0x0000000709400000, 0x0000000709400000, 0x0000000709600000|  0%| F|  |TAMS 0x0000000709400000| PB 0x0000000709400000| Untracked |  0
|  56|0x0000000709600000, 0x0000000709600000, 0x0000000709800000|  0%| F|  |TAMS 0x0000000709600000| PB 0x0000000709600000| Untracked |  0
|  57|0x0000000709800000, 0x0000000709800000, 0x0000000709a00000|  0%| F|  |TAMS 0x0000000709800000| PB 0x0000000709800000| Untracked |  0
|  58|0x0000000709a00000, 0x0000000709a00000, 0x0000000709c00000|  0%| F|  |TAMS 0x0000000709a00000| PB 0x0000000709a00000| Untracked |  0
|  59|0x0000000709c00000, 0x0000000709c00000, 0x0000000709e00000|  0%| F|  |TAMS 0x0000000709c00000| PB 0x0000000709c00000| Untracked |  0
|  60|0x0000000709e00000, 0x0000000709e00000, 0x000000070a000000|  0%| F|  |TAMS 0x0000000709e00000| PB 0x0000000709e00000| Untracked |  0
|  61|0x000000070a000000, 0x000000070a000000, 0x000000070a200000|  0%| F|  |TAMS 0x000000070a000000| PB 0x000000070a000000| Untracked |  0
|  62|0x000000070a200000, 0x000000070a200000, 0x000000070a400000|  0%| F|  |TAMS 0x000000070a200000| PB 0x000000070a200000| Untracked |  0
|  63|0x000000070a400000, 0x000000070a400000, 0x000000070a600000|  0%| F|  |TAMS 0x000000070a400000| PB 0x000000070a400000| Untracked |  0
|  64|0x000000070a600000, 0x000000070a600000, 0x000000070a800000|  0%| F|  |TAMS 0x000000070a600000| PB 0x000000070a600000| Untracked |  0
|  65|0x000000070a800000, 0x000000070a800000, 0x000000070aa00000|  0%| F|  |TAMS 0x000000070a800000| PB 0x000000070a800000| Untracked |  0
|  66|0x000000070aa00000, 0x000000070aa00000, 0x000000070ac00000|  0%| F|  |TAMS 0x000000070aa00000| PB 0x000000070aa00000| Untracked |  0
|  67|0x000000070ac00000, 0x000000070ac00000, 0x000000070ae00000|  0%| F|  |TAMS 0x000000070ac00000| PB 0x000000070ac00000| Untracked |  0
|  68|0x000000070ae00000, 0x000000070ae00000, 0x000000070b000000|  0%| F|  |TAMS 0x000000070ae00000| PB 0x000000070ae00000| Untracked |  0
|  69|0x000000070b000000, 0x000000070b000000, 0x000000070b200000|  0%| F|  |TAMS 0x000000070b000000| PB 0x000000070b000000| Untracked |  0
|  70|0x000000070b200000, 0x000000070b200000, 0x000000070b400000|  0%| F|  |TAMS 0x000000070b200000| PB 0x000000070b200000| Untracked |  0
|  71|0x000000070b400000, 0x000000070b400000, 0x000000070b600000|  0%| F|  |TAMS 0x000000070b400000| PB 0x000000070b400000| Untracked |  0
|  72|0x000000070b600000, 0x000000070b600000, 0x000000070b800000|  0%| F|  |TAMS 0x000000070b600000| PB 0x000000070b600000| Untracked |  0
|  73|0x000000070b800000, 0x000000070b800000, 0x000000070ba00000|  0%| F|  |TAMS 0x000000070b800000| PB 0x000000070b800000| Untracked |  0
|  74|0x000000070ba00000, 0x000000070ba00000, 0x000000070bc00000|  0%| F|  |TAMS 0x000000070ba00000| PB 0x000000070ba00000| Untracked |  0
|  75|0x000000070bc00000, 0x000000070bc00000, 0x000000070be00000|  0%| F|  |TAMS 0x000000070bc00000| PB 0x000000070bc00000| Untracked |  0
|  76|0x000000070be00000, 0x000000070be00000, 0x000000070c000000|  0%| F|  |TAMS 0x000000070be00000| PB 0x000000070be00000| Untracked |  0
|  77|0x000000070c000000, 0x000000070c000000, 0x000000070c200000|  0%| F|  |TAMS 0x000000070c000000| PB 0x000000070c000000| Untracked |  0
|  78|0x000000070c200000, 0x000000070c200000, 0x000000070c400000|  0%| F|  |TAMS 0x000000070c200000| PB 0x000000070c200000| Untracked |  0
|  79|0x000000070c400000, 0x000000070c400000, 0x000000070c600000|  0%| F|  |TAMS 0x000000070c400000| PB 0x000000070c400000| Untracked |  0
|  80|0x000000070c600000, 0x000000070c600000, 0x000000070c800000|  0%| F|  |TAMS 0x000000070c600000| PB 0x000000070c600000| Untracked |  0
|  81|0x000000070c800000, 0x000000070c800000, 0x000000070ca00000|  0%| F|  |TAMS 0x000000070c800000| PB 0x000000070c800000| Untracked |  0
|  82|0x000000070ca00000, 0x000000070ca00000, 0x000000070cc00000|  0%| F|  |TAMS 0x000000070ca00000| PB 0x000000070ca00000| Untracked |  0
|  83|0x000000070cc00000, 0x000000070cc00000, 0x000000070ce00000|  0%| F|  |TAMS 0x000000070cc00000| PB 0x000000070cc00000| Untracked |  0
|  84|0x000000070ce00000, 0x000000070ce00000, 0x000000070d000000|  0%| F|  |TAMS 0x000000070ce00000| PB 0x000000070ce00000| Untracked |  0
|  85|0x000000070d000000, 0x000000070d000000, 0x000000070d200000|  0%| F|  |TAMS 0x000000070d000000| PB 0x000000070d000000| Untracked |  0
|  86|0x000000070d200000, 0x000000070d200000, 0x000000070d400000|  0%| F|  |TAMS 0x000000070d200000| PB 0x000000070d200000| Untracked |  0
|  87|0x000000070d400000, 0x000000070d400000, 0x000000070d600000|  0%| F|  |TAMS 0x000000070d400000| PB 0x000000070d400000| Untracked |  0
|  88|0x000000070d600000, 0x000000070d600000, 0x000000070d800000|  0%| F|  |TAMS 0x000000070d600000| PB 0x000000070d600000| Untracked |  0
|  89|0x000000070d800000, 0x000000070d800000, 0x000000070da00000|  0%| F|  |TAMS 0x000000070d800000| PB 0x000000070d800000| Untracked |  0
|  90|0x000000070da00000, 0x000000070da00000, 0x000000070dc00000|  0%| F|  |TAMS 0x000000070da00000| PB 0x000000070da00000| Untracked |  0
|  91|0x000000070dc00000, 0x000000070dc00000, 0x000000070de00000|  0%| F|  |TAMS 0x000000070dc00000| PB 0x000000070dc00000| Untracked |  0
|  92|0x000000070de00000, 0x000000070de00000, 0x000000070e000000|  0%| F|  |TAMS 0x000000070de00000| PB 0x000000070de00000| Untracked |  0
|  93|0x000000070e000000, 0x000000070e000000, 0x000000070e200000|  0%| F|  |TAMS 0x000000070e000000| PB 0x000000070e000000| Untracked |  0
|  94|0x000000070e200000, 0x000000070e200000, 0x000000070e400000|  0%| F|  |TAMS 0x000000070e200000| PB 0x000000070e200000| Untracked |  0
|  95|0x000000070e400000, 0x000000070e400000, 0x000000070e600000|  0%| F|  |TAMS 0x000000070e400000| PB 0x000000070e400000| Untracked |  0
|  96|0x000000070e600000, 0x000000070e600000, 0x000000070e800000|  0%| F|  |TAMS 0x000000070e600000| PB 0x000000070e600000| Untracked |  0
|  97|0x000000070e800000, 0x000000070e800000, 0x000000070ea00000|  0%| F|  |TAMS 0x000000070e800000| PB 0x000000070e800000| Untracked |  0
|  98|0x000000070ea00000, 0x000000070ea00000, 0x000000070ec00000|  0%| F|  |TAMS 0x000000070ea00000| PB 0x000000070ea00000| Untracked |  0
|  99|0x000000070ec00000, 0x000000070ec00000, 0x000000070ee00000|  0%| F|  |TAMS 0x000000070ec00000| PB 0x000000070ec00000| Untracked |  0
| 100|0x000000070ee00000, 0x000000070ee00000, 0x000000070f000000|  0%| F|  |TAMS 0x000000070ee00000| PB 0x000000070ee00000| Untracked |  0
| 101|0x000000070f000000, 0x000000070f000000, 0x000000070f200000|  0%| F|  |TAMS 0x000000070f000000| PB 0x000000070f000000| Untracked |  0
| 102|0x000000070f200000, 0x000000070f200000, 0x000000070f400000|  0%| F|  |TAMS 0x000000070f200000| PB 0x000000070f200000| Untracked |  0
| 103|0x000000070f400000, 0x000000070f400000, 0x000000070f600000|  0%| F|  |TAMS 0x000000070f400000| PB 0x000000070f400000| Untracked |  0
| 104|0x000000070f600000, 0x000000070f600000, 0x000000070f800000|  0%| F|  |TAMS 0x000000070f600000| PB 0x000000070f600000| Untracked |  0
| 105|0x000000070f800000, 0x000000070f800000, 0x000000070fa00000|  0%| F|  |TAMS 0x000000070f800000| PB 0x000000070f800000| Untracked |  0
| 106|0x000000070fa00000, 0x000000070fa00000, 0x000000070fc00000|  0%| F|  |TAMS 0x000000070fa00000| PB 0x000000070fa00000| Untracked |  0
| 107|0x000000070fc00000, 0x000000070fc00000, 0x000000070fe00000|  0%| F|  |TAMS 0x000000070fc00000| PB 0x000000070fc00000| Untracked |  0
| 108|0x000000070fe00000, 0x000000070fe00000, 0x0000000710000000|  0%| F|  |TAMS 0x000000070fe00000| PB 0x000000070fe00000| Untracked |  0
| 109|0x0000000710000000, 0x0000000710000000, 0x0000000710200000|  0%| F|  |TAMS 0x0000000710000000| PB 0x0000000710000000| Untracked |  0
| 110|0x0000000710200000, 0x0000000710200000, 0x0000000710400000|  0%| F|  |TAMS 0x0000000710200000| PB 0x0000000710200000| Untracked |  0
| 111|0x0000000710400000, 0x0000000710400000, 0x0000000710600000|  0%| F|  |TAMS 0x0000000710400000| PB 0x0000000710400000| Untracked |  0
| 112|0x0000000710600000, 0x0000000710600000, 0x0000000710800000|  0%| F|  |TAMS 0x0000000710600000| PB 0x0000000710600000| Untracked |  0
| 113|0x0000000710800000, 0x0000000710800000, 0x0000000710a00000|  0%| F|  |TAMS 0x0000000710800000| PB 0x0000000710800000| Untracked |  0
| 114|0x0000000710a00000, 0x0000000710a00000, 0x0000000710c00000|  0%| F|  |TAMS 0x0000000710a00000| PB 0x0000000710a00000| Untracked |  0
| 115|0x0000000710c00000, 0x0000000710c00000, 0x0000000710e00000|  0%| F|  |TAMS 0x0000000710c00000| PB 0x0000000710c00000| Untracked |  0
| 116|0x0000000710e00000, 0x0000000710e00000, 0x0000000711000000|  0%| F|  |TAMS 0x0000000710e00000| PB 0x0000000710e00000| Untracked |  0
| 117|0x0000000711000000, 0x0000000711000000, 0x0000000711200000|  0%| F|  |TAMS 0x0000000711000000| PB 0x0000000711000000| Untracked |  0
| 118|0x0000000711200000, 0x0000000711200000, 0x0000000711400000|  0%| F|  |TAMS 0x0000000711200000| PB 0x0000000711200000| Untracked |  0
| 119|0x0000000711400000, 0x0000000711400000, 0x0000000711600000|  0%| F|  |TAMS 0x0000000711400000| PB 0x0000000711400000| Untracked |  0
| 120|0x0000000711600000, 0x0000000711600000, 0x0000000711800000|  0%| F|  |TAMS 0x0000000711600000| PB 0x0000000711600000| Untracked |  0
| 121|0x0000000711800000, 0x0000000711800000, 0x0000000711a00000|  0%| F|  |TAMS 0x0000000711800000| PB 0x0000000711800000| Untracked |  0
| 122|0x0000000711a00000, 0x0000000711bf3788, 0x0000000711c00000| 97%| E|  |TAMS 0x0000000711a00000| PB 0x0000000711a00000| Complete |  0
| 123|0x0000000711c00000, 0x0000000711e00000, 0x0000000711e00000|100%| E|CS|TAMS 0x0000000711c00000| PB 0x0000000711c00000| Complete |  0
| 124|0x0000000711e00000, 0x0000000712000000, 0x0000000712000000|100%| E|CS|TAMS 0x0000000711e00000| PB 0x0000000711e00000| Complete |  0
| 125|0x0000000712000000, 0x0000000712200000, 0x0000000712200000|100%| E|  |TAMS 0x0000000712000000| PB 0x0000000712000000| Complete |  0
| 126|0x0000000712200000, 0x0000000712400000, 0x0000000712400000|100%| E|CS|TAMS 0x0000000712200000| PB 0x0000000712200000| Complete |  0
|2028|0x00000007ffe00000, 0x00000007fff1d1c0, 0x0000000800000000| 55%| O|  |TAMS 0x00000007ffe00000| PB 0x00000007ffe00000| Untracked |  0

Card table byte_map: [0x000001e14b7a0000,0x000001e14bf90000] _byte_map_base: 0x000001e147f8d000

Marking Bits: (CMBitMap*) 0x000001e13105df00
 Bits: [0x000001e14bf90000, 0x000001e14fef8000)

Polling page: 0x000001e131100000

Metaspace:

Usage:
  Non-class:    498.02 KB used.
      Class:     26.12 KB used.
       Both:    524.15 KB used.

Virtual space:
  Non-class space:       64.00 MB reserved,     576.00 KB ( <1%) committed,  1 nodes.
      Class space:        1.00 GB reserved,     128.00 KB ( <1%) committed,  1 nodes.
             Both:        1.06 GB reserved,     704.00 KB ( <1%) committed. 

Chunk freelists:
   Non-Class:  12.00 MB
       Class:  15.75 MB
        Both:  27.74 MB

MaxMetaspaceSize: unlimited
CompressedClassSpaceSize: 1.00 GB
Initial GC threshold: 21.00 MB
Current GC threshold: 21.00 MB
CDS: on
 - commit_granule_bytes: 65536.
 - commit_granule_words: 8192.
 - virtual_space_node_default_size: 8388608.
 - enlarge_chunks_in_place: 1.
UseCompressedClassPointers 1, UseCompactObjectHeaders 0
Narrow klass pointer bits 32, Max shift 3
Narrow klass base: 0x000001e153000000, Narrow klass shift: 0
Encoding Range: [0x000001e153000000 - 0x000001e253000000), (4294967296 bytes)
Klass Range:    [0x000001e153000000 - 0x000001e194000000), (1090519040 bytes)
Klass ID Range:  [8 - 1090519033) (1090519025)


Internal statistics:

num_allocs_failed_limit: 0.
num_arena_births: 6.
num_arena_deaths: 0.
num_vsnodes_births: 2.
num_vsnodes_deaths: 0.
num_space_committed: 11.
num_space_uncommitted: 0.
num_chunks_returned_to_freelist: 0.
num_chunks_taken_from_freelist: 7.
num_chunk_merges: 0.
num_chunk_splits: 5.
num_chunks_enlarged: 2.
num_inconsistent_stats: 0.

CodeHeap 'non-profiled nmethods': size=120064Kb used=103Kb max_used=103Kb free=119960Kb
 bounds [0x000001e143630000, 0x000001e1438a0000, 0x000001e14ab70000]
CodeHeap 'profiled nmethods': size=120000Kb used=425Kb max_used=425Kb free=119574Kb
 bounds [0x000001e13bb70000, 0x000001e13bde0000, 0x000001e1430a0000]
CodeHeap 'non-nmethods': size=5696Kb used=1245Kb max_used=1245Kb free=4450Kb
 bounds [0x000001e1430a0000, 0x000001e143310000, 0x000001e143630000]
CodeCache: size=245760Kb, used=1773Kb, max_used=1773Kb, free=243984Kb
 total_blobs=827, nmethods=431, adapters=299, full_count=0
Compilation: enabled, stopped_count=0, restarted_count=0

Compilation events (20 events):
Event: 0.187 Thread 0x000001e152969880  277       3       java.util.jar.JavaUtilJarAccessImpl::entryFor (6 bytes)
Event: 0.188 Thread 0x000001e152969880 nmethod 277 0x000001e13bbb0608 code [0x000001e13bbb0740, 0x000001e13bbb0af0]
Event: 0.188 Thread 0x000001e152969880  278       3       java.util.jar.JarFile::entryFor (10 bytes)
Event: 0.188 Thread 0x000001e152969880 nmethod 278 0x000001e13bbb0b88 code [0x000001e13bbb0cc0, 0x000001e13bbb1000]
Event: 0.188 Thread 0x000001e152969880  279       3       java.util.jar.JarFile$JarFileEntry::<init> (16 bytes)
Event: 0.188 Thread 0x000001e152969880 nmethod 279 0x000001e13bbb1088 code [0x000001e13bbb11c0, 0x000001e13bbb1438]
Event: 0.188 Thread 0x000001e152969880  271       3       java.util.stream.AbstractPipeline::close (42 bytes)
Event: 0.189 Thread 0x000001e15296be60 nmethod 273 0x000001e143642508 code [0x000001e143642600, 0x000001e1436427b0]
Event: 0.189 Thread 0x000001e15296be60  274       4       java.lang.StringLatin1::replace (197 bytes)
Event: 0.189 Thread 0x000001e152969880 nmethod 271 0x000001e13bbb1488 code [0x000001e13bbb15c0, 0x000001e13bbb1870]
Event: 0.189 Thread 0x000001e152969880  270       3       jdk.internal.module.ModulePath$$Lambda/0x000001e154044cf8::apply (8 bytes)
Event: 0.189 Thread 0x000001e152a2b300  282       4       jdk.internal.misc.Unsafe::getIntUnaligned (12 bytes)
Event: 0.189 Thread 0x000001e152969880 nmethod 270 0x000001e13bbb1888 code [0x000001e13bbb1a20, 0x000001e13bbb21e8]
Event: 0.190 Thread 0x000001e152969880  214       1       java.lang.String::value (5 bytes)
Event: 0.190 Thread 0x000001e152969880 nmethod 214 0x000001e143642808 code [0x000001e143642900, 0x000001e1436429c8]
Event: 0.190 Thread 0x000001e152969880  211       1       java.lang.invoke.MethodTypeForm::basicType (5 bytes)
Event: 0.190 Thread 0x000001e152969880 nmethod 211 0x000001e143642b08 code [0x000001e143642c00, 0x000001e143642cc8]
Event: 0.190 Thread 0x000001e152969880  212       1       jdk.internal.constant.ClassOrInterfaceDescImpl::descriptorString (5 bytes)
Event: 0.190 Thread 0x000001e152969880 nmethod 212 0x000001e143642e08 code [0x000001e143642f00, 0x000001e143642fc8]
Event: 0.190 Thread 0x000001e152969880  284       3       java.lang.CharacterDataLatin1::toLowerCase (44 bytes)

GC Heap History (0 events):
No events

Dll operation events (5 events):
Event: 0.016 Loaded shared library C:\jdk-24.0.1\bin\java.dll
Event: 0.060 Loaded shared library C:\jdk-24.0.1\bin\jsvml.dll
Event: 0.114 Loaded shared library C:\jdk-24.0.1\bin\net.dll
Event: 0.116 Loaded shared library C:\jdk-24.0.1\bin\nio.dll
Event: 0.124 Loaded shared library C:\jdk-24.0.1\bin\zip.dll

Deoptimization events (4 events):
Event: 0.185 Thread 0x000001e130f90b90 Uncommon trap: trap_request=0xffffff4d fr.pc=0x000001e143642384 relative=0x0000000000000084
Event: 0.185 Thread 0x000001e130f90b90 Uncommon trap: reason=unstable_if action=reinterpret pc=0x000001e143642384 method=java.lang.CharacterDataLatin1.isJavaIdentifierPart(I)Z @ 11 c2
Event: 0.185 Thread 0x000001e130f90b90 DEOPT PACKING pc=0x000001e143642384 sp=0x0000007e4fafd4d0
Event: 0.185 Thread 0x000001e130f90b90 DEOPT UNPACKING pc=0x000001e1431b5802 sp=0x0000007e4fafd448 mode 2

Classes loaded (20 events):
Event: 0.120 Loading class sun/nio/fs/WindowsPath$WindowsPathWithAttributes
Event: 0.120 Loading class sun/nio/fs/BasicFileAttributesHolder
Event: 0.120 Loading class sun/nio/fs/BasicFileAttributesHolder done
Event: 0.120 Loading class sun/nio/fs/WindowsPath$WindowsPathWithAttributes done
Event: 0.149 Loading class jdk/internal/module/ModuleInfo
Event: 0.149 Loading class jdk/internal/module/ModuleInfo done
Event: 0.149 Loading class jdk/internal/module/ModuleInfo$CountingDataInput
Event: 0.149 Loading class jdk/internal/module/ModuleInfo$CountingDataInput done
Event: 0.152 Loading class jdk/internal/module/ModuleInfo$ConstantPool
Event: 0.152 Loading class jdk/internal/module/ModuleInfo$ConstantPool done
Event: 0.152 Loading class jdk/internal/module/ModuleInfo$ConstantPool$Entry
Event: 0.152 Loading class jdk/internal/module/ModuleInfo$ConstantPool$Entry done
Event: 0.152 Loading class jdk/internal/module/ModuleInfo$ConstantPool$IndexEntry
Event: 0.152 Loading class jdk/internal/module/ModuleInfo$ConstantPool$IndexEntry done
Event: 0.152 Loading class jdk/internal/module/ModuleInfo$ConstantPool$ValueEntry
Event: 0.152 Loading class jdk/internal/module/ModuleInfo$ConstantPool$ValueEntry done
Event: 0.186 Loading class java/util/WeakHashMap$KeyIterator
Event: 0.186 Loading class java/util/WeakHashMap$HashIterator
Event: 0.186 Loading class java/util/WeakHashMap$HashIterator done
Event: 0.186 Loading class java/util/WeakHashMap$KeyIterator done

Classes unloaded (0 events):
No events

Classes redefined (0 events):
No events

Internal exceptions (1 events):
Event: 0.118 Thread 0x000001e130f90b90 Exception <a 'sun/nio/fs/WindowsException'{0x00000007122ca430}> (0x00000007122ca430) 
thrown [s\open\src\hotspot\share\prims\jni.cpp, line 518]

VM Operations (2 events):
Event: 0.125 Executing VM operation: HandshakeAllThreads (Deoptimize)
Event: 0.126 Executing VM operation: HandshakeAllThreads (Deoptimize) done

Memory protections (0 events):
No events

Nmethod flushes (0 events):
No events

Events (11 events):
Event: 0.042 Thread 0x000001e130f90b90 Thread added: 0x000001e130f90b90
Event: 0.057 Thread 0x000001e130f90b90 Thread added: 0x000001e152955b10
Event: 0.057 Thread 0x000001e130f90b90 Thread added: 0x000001e152957460
Event: 0.057 Thread 0x000001e130f90b90 Thread added: 0x000001e152959940
Event: 0.058 Thread 0x000001e130f90b90 Thread added: 0x000001e15295c580
Event: 0.058 Thread 0x000001e130f90b90 Thread added: 0x000001e1529618d0
Event: 0.058 Thread 0x000001e130f90b90 Thread added: 0x000001e152962530
Event: 0.058 Thread 0x000001e130f90b90 Thread added: 0x000001e15296be60
Event: 0.058 Thread 0x000001e130f90b90 Thread added: 0x000001e152969880
Event: 0.112 Thread 0x000001e130f90b90 Thread added: 0x000001e152a205e0
Event: 0.189 Thread 0x000001e152969880 Thread added: 0x000001e152a2b300


Dynamic libraries:
0x00007ff74e720000 - 0x00007ff74e730000 	C:\jdk-24.0.1\bin\java.exe
0x00007ffd9e1b0000 - 0x00007ffd9e3c7000 	C:\Windows\SYSTEM32\ntdll.dll
0x00007ffd9c4d0000 - 0x00007ffd9c594000 	C:\Windows\System32\KERNEL32.DLL
0x00007ffd9b4c0000 - 0x00007ffd9b893000 	C:\Windows\System32\KERNELBASE.dll
0x00007ffd9b2b0000 - 0x00007ffd9b3c1000 	C:\Windows\System32\ucrtbase.dll
0x00007ffd71900000 - 0x00007ffd7191b000 	C:\jdk-24.0.1\bin\VCRUNTIME140.dll
0x00007ffd82240000 - 0x00007ffd82256000 	C:\jdk-24.0.1\bin\jli.dll
0x00007ffd9dea0000 - 0x00007ffd9e051000 	C:\Windows\System32\USER32.dll
0x00007ffd9b3d0000 - 0x00007ffd9b3f6000 	C:\Windows\System32\win32u.dll
0x00007ffd8b470000 - 0x00007ffd8b70b000 	C:\Windows\WinSxS\amd64_microsoft.windows.common-controls_6595b64144ccf1df_6.0.22621.5262_none_2712bde373830908\COMCTL32.dll
0x00007ffd9ddf0000 - 0x00007ffd9de97000 	C:\Windows\System32\msvcrt.dll
0x00007ffd9e060000 - 0x00007ffd9e089000 	C:\Windows\System32\GDI32.dll
0x00007ffd9b8a0000 - 0x00007ffd9b9c2000 	C:\Windows\System32\gdi32full.dll
0x00007ffd9ba50000 - 0x00007ffd9baea000 	C:\Windows\System32\msvcp_win.dll
0x00007ffd9ddb0000 - 0x00007ffd9dde1000 	C:\Windows\System32\IMM32.DLL
0x00007ffd931b0000 - 0x00007ffd931bc000 	C:\jdk-24.0.1\bin\vcruntime140_1.dll
0x00007ffd60090000 - 0x00007ffd6011e000 	C:\jdk-24.0.1\bin\msvcp140.dll
0x00007ffd2a2f0000 - 0x00007ffd2b092000 	C:\jdk-24.0.1\bin\server\jvm.dll
0x00007ffd9e0b0000 - 0x00007ffd9e161000 	C:\Windows\System32\ADVAPI32.dll
0x00007ffd9cbf0000 - 0x00007ffd9cc97000 	C:\Windows\System32\sechost.dll
0x00007ffd9bc60000 - 0x00007ffd9bc88000 	C:\Windows\System32\bcrypt.dll
0x00007ffd9c620000 - 0x00007ffd9c734000 	C:\Windows\System32\RPCRT4.dll
0x00007ffd9d770000 - 0x00007ffd9d7e1000 	C:\Windows\System32\WS2_32.dll
0x00007ffd9b180000 - 0x00007ffd9b1cd000 	C:\Windows\SYSTEM32\POWRPROF.dll
0x00007ffd92300000 - 0x00007ffd92334000 	C:\Windows\SYSTEM32\WINMM.dll
0x00007ffd91e60000 - 0x00007ffd91e6a000 	C:\Windows\SYSTEM32\VERSION.dll
0x00007ffd9b160000 - 0x00007ffd9b173000 	C:\Windows\SYSTEM32\UMPDC.dll
0x00007ffd9a2b0000 - 0x00007ffd9a2c8000 	C:\Windows\SYSTEM32\kernel.appcore.dll
0x00007ffd83730000 - 0x00007ffd8373a000 	C:\jdk-24.0.1\bin\jimage.dll
0x00007ffd95c10000 - 0x00007ffd95e42000 	C:\Windows\SYSTEM32\DBGHELP.DLL
0x00007ffd9c030000 - 0x00007ffd9c3c3000 	C:\Windows\System32\combase.dll
0x00007ffd9dc70000 - 0x00007ffd9dd47000 	C:\Windows\System32\OLEAUT32.dll
0x00007ffd7ee90000 - 0x00007ffd7eec2000 	C:\Windows\SYSTEM32\dbgcore.DLL
0x00007ffd9bdd0000 - 0x00007ffd9be4b000 	C:\Windows\System32\bcryptPrimitives.dll
0x00007ffd80010000 - 0x00007ffd8001f000 	C:\jdk-24.0.1\bin\instrument.dll
0x00007ffd6ff00000 - 0x00007ffd6ff1e000 	C:\jdk-24.0.1\bin\java.dll
0x00007ffd9cd20000 - 0x00007ffd9cec1000 	C:\Windows\System32\ole32.dll
0x00007ffd9ced0000 - 0x00007ffd9d76d000 	C:\Windows\System32\SHELL32.dll
0x00007ffd9bc90000 - 0x00007ffd9bdcf000 	C:\Windows\System32\wintypes.dll
0x00007ffd991a0000 - 0x00007ffd99abd000 	C:\Windows\SYSTEM32\windows.storage.dll
0x00007ffd9c850000 - 0x00007ffd9c95b000 	C:\Windows\System32\SHCORE.dll
0x00007ffd9c3d0000 - 0x00007ffd9c436000 	C:\Windows\System32\shlwapi.dll
0x00007ffd9b1e0000 - 0x00007ffd9b20b000 	C:\Windows\SYSTEM32\profapi.dll
0x00007ffd5ed20000 - 0x00007ffd5edf7000 	C:\jdk-24.0.1\bin\jsvml.dll
0x00007ffd7ed40000 - 0x00007ffd7ed50000 	C:\jdk-24.0.1\bin\net.dll
0x00007ffd9a720000 - 0x00007ffd9a78a000 	C:\Windows\system32\mswsock.dll
0x00007ffd6fee0000 - 0x00007ffd6fef6000 	C:\jdk-24.0.1\bin\nio.dll
0x00007ffd6fec0000 - 0x00007ffd6fed7000 	C:\jdk-24.0.1\bin\zip.dll

JVMTI agents:
D:\intellji\IntelliJ IDEA 2025.1\lib\idea_rt.jar path:C:\jdk-24.0.1\bin\instrument.dll, loaded, initialized, instrumentlib options:57100

dbghelp: loaded successfully - version: 4.0.5 - missing functions: none
symbol engine: initialized successfully - sym options: 0x614 - pdb path: .;C:\jdk-24.0.1\bin;C:\Windows\SYSTEM32;C:\Windows\WinSxS\amd64_microsoft.windows.common-controls_6595b64144ccf1df_6.0.22621.5262_none_2712bde373830908;C:\jdk-24.0.1\bin\server

VM Arguments:
jvm_args: --module-path=C:\openjfx-24.0.1_windows-x64_bin-sdk\javafx-sdk-24.0.1\lib --add-modules=javafx.controls,javafx.fxml -javaagent:D:\intellji\IntelliJ IDEA 2025.1\lib\idea_rt.jar=57100 -Dfile.encoding=UTF-8 -Dsun.stdout.encoding=UTF-8 -Dsun.stderr.encoding=UTF-8 
java_command: Model.Admin
java_class_path (initial): C:\Users\asifaliansaree\Desktop\Project\RPMS\target\classes;C:\Users\asifaliansaree\.m2\repository\com\sun\mail\jakarta.mail\2.0.1\jakarta.mail-2.0.1.jar;C:\Users\asifaliansaree\.m2\repository\com\sun\activation\jakarta.activation\2.0.1\jakarta.activation-2.0.1.jar;C:\Users\asifaliansaree\.m2\repository\com\itextpdf\itextpdf\5.5.13.2\itextpdf-5.5.13.2.jar
Launcher Type: SUN_STANDARD

[Global flags]
     intx CICompilerCount                          = 4                                         {product} {ergonomic}
     uint ConcGCThreads                            = 2                                         {product} {ergonomic}
     uint G1ConcRefinementThreads                  = 8                                         {product} {ergonomic}
   size_t G1HeapRegionSize                         = 2097152                                   {product} {ergonomic}
   size_t InitialHeapSize                          = 266338304                                 {product} {ergonomic}
   size_t MarkStackSize                            = 4194304                                   {product} {ergonomic}
   size_t MarkStackSizeMax                         = 536870912                                 {product} {ergonomic}
   size_t MaxHeapSize                              = 4255121408                                {product} {ergonomic}
   size_t MaxNewSize                               = 2552233984                                {product} {ergonomic}
   size_t MinHeapDeltaBytes                        = 2097152                                   {product} {ergonomic}
   size_t MinHeapSize                              = 8388608                                   {product} {ergonomic}
    uintx NonNMethodCodeHeapSize                   = 5832704                                {pd product} {ergonomic}
    uintx NonProfiledCodeHeapSize                  = 122945536                              {pd product} {ergonomic}
    uintx ProfiledCodeHeapSize                     = 122880000                              {pd product} {ergonomic}
    uintx ReservedCodeCacheSize                    = 251658240                              {pd product} {ergonomic}
     bool SegmentedCodeCache                       = true                                      {product} {ergonomic}
   size_t SoftMaxHeapSize                          = 4255121408                             {manageable} {ergonomic}
     bool UseCompressedOops                        = true                           {product lp64_product} {ergonomic}
     bool UseG1GC                                  = true                                      {product} {ergonomic}
     bool UseLargePagesIndividualAllocation        = false                                  {pd product} {ergonomic}

Logging:
Log output configuration:
 #0: stdout all=warning uptime,level,tags foldmultilines=false
 #1: stderr all=off uptime,level,tags foldmultilines=false

Environment Variables:
PATH=C:\Program Files\Common Files\Oracle\Java\javapath;C:\Windows\system32;C:\Windows;C:\Windows\System32\Wbem;C:\Windows\System32\WindowsPowerShell\v1.0\;C:\Windows\System32\OpenSSH\;C:\Program Files\dotnet\;C:\Program Files (x86)\Windows Kits\10\Windows Performance Toolkit\;C:\Program Files\MySQL\MySQL Shell 8.0\bin\;C:\Users\asifaliansaree\AppData\Local\Microsoft\WindowsApps;C:\msys64\ucrt64\bin;C:\Users\asifaliansaree\.dotnet\tools;C:\Users\asifaliansaree\Desktop\BSDS\Microsoft VS Code\bin;D:\intellji\IntelliJ IDEA 2025.1\bin;
USERNAME=asifaliansaree
OS=Windows_NT
PROCESSOR_IDENTIFIER=Intel64 Family 6 Model 142 Stepping 10, GenuineIntel
TMP=C:\Users\ASIFAL~1\AppData\Local\Temp
TEMP=C:\Users\ASIFAL~1\AppData\Local\Temp




Periodic native trim disabled

---------------  S Y S T E M  ---------------

OS:
 Windows 11 , 64 bit Build 22621 (10.0.22621.5262)
OS uptime: 0 days 21:48 hours
Hyper-V role detected

CPU: total 8 (initial active 8) (4 cores per cpu, 2 threads per core) family 6 model 142 stepping 10 microcode 0xf6, cx8, cmov, fxsr, ht, mmx, 3dnowpref, sse, sse2, sse3, ssse3, sse4.1, sse4.2, popcnt, lzcnt, tsc, tscinvbit, avx, avx2, aes, erms, clmul, bmi1, bmi2, rtm, adx, fma, vzeroupper, clflush, clflushopt, hv, rdtscp, f16c
Processor Information for the first 8 processors :
  Max Mhz: 1896, Current Mhz: 1696, Mhz Limit: 1687

Memory: 4k page, system-wide physical 16227M (920M free)
TotalPageFile size 31107M (AvailPageFile size 4M)
current process WorkingSet (physical memory assigned to process): 49M, peak: 49M
current process commit charge ("private bytes"): 343M, peak: 343M

vm_info: Java HotSpot(TM) 64-Bit Server VM (24.0.1+9-30) for windows-amd64 JRE (24.0.1+9-30), built on 2025-03-05T07:23:45Z with MS VC++ 17.6 (VS2022)

END.
